***Starting server on port 8873 ***
Loading net-file from 'demo.net.xml' ... done (2ms).
Loading route-files incrementally from 'demo.rou.xml'
Loading done.
Simulation version 1.24.0 started with time: 0.00.
Simulation ended at time: 1200.00.
Reason: TraCI requested termination.
Performance:
 Duration: 16.55s
 TraCI-Duration: 2.68s
 Real time factor: 72.5032
 UPS: 43178.961996
Vehicles:
 Inserted: 684 (Loaded: 859)
 Running: 106
 Waiting: 175
 Teleports: 10 (Collisions: 4, Jam: 4, Yield: 6)
 Emergency Braking: 3
Statistics (avg of 578):
 RouteLength: 101.07
 Speed: 5.83
 Duration: 48.48
 WaitingTime: 32.30
 TimeLoss: 39.89
 DepartDelay: 0.55
DijkstraRouter answered 885 queries and explored 3.99 edges on average.
DijkstraRouter spent 0.00s answering queries (0.00ms on average).
